2024-12-09 19:09:58 
AllEmployer : [{"Id":1,"Name":"Maringlen Demushi","Description":"Electric Ing","Adresa":"Kamez","Email":"MaringlenDemushi@icloud.com","PhoneNumber":"0682555101","IsAvailable":true},{"Id":2,"Name":"Vionald","Description":"Builder","Adresa":"Stoke city","Email":"Naldibicprendi@gmail.com","PhoneNumber":"0682555109","IsAvailable":true}]
2024-12-09 19:21:26 
AllEmployer : [{"Id":1,"Name":"Maringlen Demushi","Description":"Electric Ing","Adresa":"Kamez","Email":"MaringlenDemushi@icloud.com","PhoneNumber":"0682555101","IsAvailable":true},{"Id":2,"Name":"Vionald","Description":"Builder","Adresa":"Stoke city","Email":"Naldibicprendi@gmail.com","PhoneNumber":"0682555109","IsAvailable":true}]
2024-12-09 19:45:40 
AllEmployer : [{"Id":1,"Name":"Maringlen Demushi","Description":"Electric Ing","Adresa":"Kamez","Email":"MaringlenDemushi@icloud.com","PhoneNumber":"0682555101","IsAvailable":true},{"Id":2,"Name":"Vionald","Description":"Builder","Adresa":"Stoke city","Email":"Naldibicprendi@gmail.com","PhoneNumber":"0682555109","IsAvailable":true}]
2024-12-09 19:46:07 
AllEmployer : [{"Id":1,"Name":"Maringlen Demushi","Description":"Electric Ing","Adresa":"Kamez","Email":"MaringlenDemushi@icloud.com","PhoneNumber":"0682555101","IsAvailable":true},{"Id":2,"Name":"Vionald","Description":"Builder","Adresa":"Stoke city","Email":"Naldibicprendi@gmail.com","PhoneNumber":"0682555109","IsAvailable":true}]
2024-12-09 19:51:25 
AllEmployer : [{"Id":1,"Name":"Maringlen Demushi","Description":"Electric Ing","Adresa":"Kamez","Email":"MaringlenDemushi@icloud.com","PhoneNumber":"0682555101","IsAvailable":true},{"Id":2,"Name":"Vionald","Description":"Builder","Adresa":"Stoke city","Email":"Naldibicprendi@gmail.com","PhoneNumber":"0682555109","IsAvailable":true}]
2024-12-09 19:51:28 
AllEmployer : [{"Id":2,"Name":"Vionald","Description":"Builder","Adresa":"Stoke city","Email":"Naldibicprendi@gmail.com","PhoneNumber":"0682555109","IsAvailable":true}]
2024-12-09 19:51:29 
AllEmployer : []
2024-12-09 19:51:47 
AllEmployer : [{"Id":3,"Name":"Maringlen Demushi","Description":"Electric Ing","Adresa":"Kamez","Email":"MaringlenDemushi@icloud.com","PhoneNumber":"+355682555109","IsAvailable":true}]
2024-12-09 19:56:59 
AllEmployer : [{"Id":3,"Name":"Maringlen Demushi","Description":"Electric Ing","Adresa":"Kamez","Email":"MaringlenDemushi@icloud.com","PhoneNumber":"+355682555109","IsAvailable":true}]
2024-12-09 19:57:54 
AllEmployer : [{"Id":3,"Name":"Maringlen Demushi","Description":"Electric Ing","Adresa":"Kamez","Email":"MaringlenDemushi@icloud.com","PhoneNumber":"+355682555109","IsAvailable":true}]
2024-12-09 20:02:59 
AllEmployer : [{"Id":3,"Name":"Maringlen Demushi","Description":"Electric Ing","Adresa":"Kamez","Email":"MaringlenDemushi@icloud.com","PhoneNumber":"+355682555109","IsAvailable":true}]
2024-12-09 20:08:43 
AllEmployer : [{"Id":3,"Name":"Maringlen Demushi","Description":"Electric Ing","Adresa":"Kamez","Email":"MaringlenDemushi@icloud.com","PhoneNumber":"+355682555109","IsAvailable":true}]
2024-12-09 20:09:56 
AllEmployer : [{"Id":3,"Name":"Maringlen Demushi","Description":"Electric Ing","Adresa":"Kamez","Email":"MaringlenDemushi@icloud.com","PhoneNumber":"+355682555109","IsAvailable":true}]
2024-12-09 20:17:08 
AllEmployer : [{"Id":3,"Name":"Maringlen Demushi","Description":"Electric Ing","Adresa":"Kamez","Email":"MaringlenDemushi@icloud.com","PhoneNumber":"+355682555109","IsAvailable":true}]
2024-12-09 20:21:12 
AllEmployer : [{"Id":3,"Name":"Maringlen Demushi","Description":"Electric Ing","Adresa":"Kamez","Email":"MaringlenDemushi@icloud.com","PhoneNumber":"+355682555109","IsAvailable":true}]
2024-12-09 20:34:10 
AllEmployer : [{"Id":3,"Name":"Maringlen Demushi","Description":"Electric Ing","Adresa":"Kamez","Email":"MaringlenDemushi@icloud.com","PhoneNumber":"+355682555109","IsAvailable":true}]
2024-12-09 20:34:51 
AllEmployer : [{"Id":3,"Name":"Maringlen Demushi","Description":"Electric Ing","Adresa":"Kamez","Email":"MaringlenDemushi@icloud.com","PhoneNumber":"+355682555109","IsAvailable":true}]
2024-12-09 20:37:30 
AllEmployer : [{"Id":3,"Name":"Maringlen Demushi","Description":"Electric Ing","Adresa":"Kamez","Email":"MaringlenDemushi@icloud.com","PhoneNumber":"+355682555109","IsAvailable":false}]
2024-12-09 20:40:52 
AllEmployer : [{"Id":3,"Name":"Maringlen Demushi","Description":"Electric Ing","Adresa":"Kamez","Email":"MaringlenDemushi@icloud.com","PhoneNumber":"+355682555109","IsAvailable":false},{"Id":4,"Name":"Klevis Bicprendi","Description":"Information Technology IT","Adresa":"Bulevardi i ri","Email":"klevibicprendi@gmail.com","PhoneNumber":"0682555109","IsAvailable":true}]
2024-12-09 20:41:11 
AllEmployer : [{"Id":3,"Name":"Maringlen Demushi","Description":"Electric Ing","Adresa":"Kamez","Email":"MaringlenDemushi@icloud.com","PhoneNumber":"+355682555109","IsAvailable":false},{"Id":4,"Name":"Klevis Bicprendi","Description":"Information Technology IT","Adresa":"Bulevardi i ri","Email":"klevibicprendi@gmail.com","PhoneNumber":"0682555109","IsAvailable":true},{"Id":5,"Name":"Klevis Bicprendi","Description":"Information Technology","Adresa":"Tirane","Email":"klevibicprendi@gmail.com","PhoneNumber":"0682555109","IsAvailable":true}]
2024-12-09 20:52:10 
AllEmployer : [{"Id":3,"Name":"Maringlen Demushi","Description":"Electric Ing","Adresa":"Kamez","Email":"MaringlenDemushi@icloud.com","PhoneNumber":"+355682555109","IsAvailable":false},{"Id":4,"Name":"Klevis Bicprendi","Description":"Information Technology IT","Adresa":"Bulevardi i ri","Email":"klevibicprendi@gmail.com","PhoneNumber":"0682555109","IsAvailable":true},{"Id":5,"Name":"Klevis Bicprendi","Description":"Information Technology","Adresa":"Tirane","Email":"klevibicprendi@gmail.com","PhoneNumber":"0682555109","IsAvailable":true}]
2024-12-09 22:17:40 
AllEmployer : [{"Id":3,"Name":"Maringlen Demushi","Description":"Electric Ing","Adresa":"Kamez","Email":"MaringlenDemushi@icloud.com","PhoneNumber":"+355682555109","IsAvailable":false},{"Id":4,"Name":"Klevis Bicprendi","Description":"Information Technology IT","Adresa":"Bulevardi i ri","Email":"klevibicprendi@gmail.com","PhoneNumber":"0682555109","IsAvailable":true},{"Id":5,"Name":"Klevis Bicprendi","Description":"Information Technology","Adresa":"Tirane","Email":"klevibicprendi@gmail.com","PhoneNumber":"0682555109","IsAvailable":true}]
2024-12-09 22:20:05 
AllEmployer : [{"Id":3,"Name":"Maringlen Demushi","Description":"Electric Ing","Adresa":"Kamez","Email":"MaringlenDemushi@icloud.com","PhoneNumber":"+355682555109","IsAvailable":false},{"Id":4,"Name":"Klevis Bicprendi","Description":"Information Technology IT","Adresa":"Bulevardi i ri","Email":"klevibicprendi@gmail.com","PhoneNumber":"0682555109","IsAvailable":true},{"Id":5,"Name":"Klevis Bicprendi","Description":"Information Technology","Adresa":"Tirane","Email":"klevibicprendi@gmail.com","PhoneNumber":"0682555109","IsAvailable":true}]
2024-12-09 22:20:14 
AllEmployer : [{"Id":3,"Name":"Maringlen Demushi","Description":"Electric Ing","Adresa":"Kamez","Email":"MaringlenDemushi@icloud.com","PhoneNumber":"+355682555109","IsAvailable":false},{"Id":4,"Name":"Klevis Bicprendi","Description":"Information Technology IT","Adresa":"Bulevardi i ri","Email":"klevibicprendi@gmail.com","PhoneNumber":"0682555109","IsAvailable":true},{"Id":5,"Name":"Klevis Bicprendi","Description":"Information Technology","Adresa":"Tirane","Email":"klevibicprendi@gmail.com","PhoneNumber":"0682555109","IsAvailable":true}]
2024-12-09 22:20:38 
AllEmployer : [{"Id":3,"Name":"Maringlen Demushi","Description":"Electric Ing","Adresa":"Kamez","Email":"MaringlenDemushi@icloud.com","PhoneNumber":"+355682555109","IsAvailable":false},{"Id":4,"Name":"Klevis Bicprendi","Description":"Information Technology IT","Adresa":"Bulevardi i ri","Email":"klevibicprendi@gmail.com","PhoneNumber":"0682555109","IsAvailable":true},{"Id":5,"Name":"Klevis Bicprendi","Description":"Information Technology","Adresa":"Tirane","Email":"klevibicprendi@gmail.com","PhoneNumber":"0682555109","IsAvailable":true}]
2024-12-09 22:22:01 
AllEmployer : [{"Id":3,"Name":"Maringlen Demushi","Description":"Electric Ing","Adresa":"Kamez","Email":"MaringlenDemushi@icloud.com","PhoneNumber":"+355682555109","IsAvailable":true},{"Id":4,"Name":"Klevis Bicprendi","Description":"Information Technology IT","Adresa":"Bulevardi i ri","Email":"klevibicprendi@gmail.com","PhoneNumber":"0682555109","IsAvailable":true},{"Id":5,"Name":"Klevis Bicprendi","Description":"Information Technology","Adresa":"Tirane","Email":"klevibicprendi@gmail.com","PhoneNumber":"0682555109","IsAvailable":true}]
2024-12-09 22:22:32 
AllEmployer : [{"Id":3,"Name":"Maringlen Demushi","Description":"Electric Ing","Adresa":"Kamez","Email":"MaringlenDemushi@icloud.com","PhoneNumber":"+355682555109","IsAvailable":true},{"Id":4,"Name":"Klevis Bicprendi","Description":"Information Technology IT","Adresa":"Bulevardi i ri","Email":"klevibicprendi@gmail.com","PhoneNumber":"0682555109","IsAvailable":true},{"Id":5,"Name":"Klevis Bicprendi","Description":"Information Technology","Adresa":"Tirane","Email":"klevibicprendi@gmail.com","PhoneNumber":"0682555109","IsAvailable":true}]
2024-12-09 22:24:20 
AllEmployer : [{"Id":3,"Name":"Maringlen Demushi","Description":"Electric Ing","Adresa":"Kamez","Email":"MaringlenDemushi@icloud.com","PhoneNumber":"+355682555109","IsAvailable":true},{"Id":4,"Name":"Klevis Bicprendi","Description":"Information Technology IT","Adresa":"Bulevardi i ri","Email":"klevibicprendi@gmail.com","PhoneNumber":"0682555109","IsAvailable":true},{"Id":5,"Name":"Klevis Bicprendi","Description":"Information Technology","Adresa":"Tirane","Email":"klevibicprendi@gmail.com","PhoneNumber":"0682555109","IsAvailable":true}]
2024-12-09 22:30:33 
AllEmployer : [{"Id":3,"Name":"Maringlen Demushi","Description":"Electric Ing","Adresa":"Kamez","Email":"MaringlenDemushi@icloud.com","PhoneNumber":"+355682555109","IsAvailable":true},{"Id":4,"Name":"Klevis Bicprendi","Description":"Information Technology IT","Adresa":"Bulevardi i ri","Email":"klevibicprendi@gmail.com","PhoneNumber":"0682555109","IsAvailable":true},{"Id":5,"Name":"Klevis Bicprendi","Description":"Information Technology","Adresa":"Tirane","Email":"klevibicprendi@gmail.com","PhoneNumber":"0682555109","IsAvailable":true}]
2024-12-09 22:32:00 
AllEmployer : [{"Id":3,"Name":"Maringlen Demushi","Description":"Electric Ing","Adresa":"Kamez","Email":"MaringlenDemushi@icloud.com","PhoneNumber":"+355682555109","IsAvailable":true},{"Id":4,"Name":"Klevis Bicprendi","Description":"Information Technology IT","Adresa":"Bulevardi i ri","Email":"klevibicprendi@gmail.com","PhoneNumber":"0682555109","IsAvailable":true},{"Id":5,"Name":"Klevis Bicprendi","Description":"Information Technology","Adresa":"Tirane","Email":"klevibicprendi@gmail.com","PhoneNumber":"0682555109","IsAvailable":true}]
2024-12-09 22:32:03 
AllEmployer : [{"Id":3,"Name":"Maringlen Demushi","Description":"Electric Ing","Adresa":"Kamez","Email":"MaringlenDemushi@icloud.com","PhoneNumber":"+355682555109","IsAvailable":true},{"Id":4,"Name":"Klevis Bicprendi","Description":"Information Technology IT","Adresa":"Bulevardi i ri","Email":"klevibicprendi@gmail.com","PhoneNumber":"0682555109","IsAvailable":true},{"Id":5,"Name":"Klevis Bicprendi","Description":"Information Technology","Adresa":"Tirane","Email":"klevibicprendi@gmail.com","PhoneNumber":"0682555109","IsAvailable":true}]
2024-12-09 22:37:31 
AllEmployer : [{"Id":3,"Name":"Maringlen Demushi","Description":"Electric Ing","Adresa":"Kamez","Email":"MaringlenDemushi@icloud.com","PhoneNumber":"+355682555109","IsAvailable":true},{"Id":4,"Name":"Klevis Bicprendi","Description":"Information Technology IT","Adresa":"Bulevardi i ri","Email":"klevibicprendi@gmail.com","PhoneNumber":"0682555109","IsAvailable":true},{"Id":5,"Name":"Klevis Bicprendi","Description":"Information Technology","Adresa":"Tirane","Email":"klevibicprendi@gmail.com","PhoneNumber":"0682555109","IsAvailable":true}]
2024-12-09 22:38:28 
AllEmployer : [{"Id":3,"Name":"Maringlen Demushi","Description":"Electric Ing","Adresa":"Kamez","Email":"MaringlenDemushi@icloud.com","PhoneNumber":"+355682555109","IsAvailable":true},{"Id":4,"Name":"Klevis Bicprendi","Description":"Information Technology IT","Adresa":"Bulevardi i ri","Email":"klevibicprendi@gmail.com","PhoneNumber":"0682555109","IsAvailable":true},{"Id":5,"Name":"Klevis Bicprendi","Description":"Information Technology","Adresa":"Tirane","Email":"klevibicprendi@gmail.com","PhoneNumber":"0682555109","IsAvailable":true}]
2024-12-09 22:52:18 
AllEmployer : [{"Id":3,"Name":"Maringlen Demushi","Description":"Electric Ing","Adresa":"Kamez","Email":"MaringlenDemushi@icloud.com","PhoneNumber":"+355682555109","IsAvailable":true},{"Id":4,"Name":"Klevis Bicprendi","Description":"Information Technology IT","Adresa":"Bulevardi i ri","Email":"klevibicprendi@gmail.com","PhoneNumber":"0682555109","IsAvailable":true},{"Id":5,"Name":"Klevis Bicprendi","Description":"Information Technology","Adresa":"Tirane","Email":"klevibicprendi@gmail.com","PhoneNumber":"0682555109","IsAvailable":true}]
2024-12-09 22:52:50 
AllEmployer : [{"Id":3,"Name":"Maringlen Demushi","Description":"Electric Ing","Adresa":"Kamez","Email":"MaringlenDemushi@icloud.com","PhoneNumber":"+355682555109","IsAvailable":true},{"Id":4,"Name":"Klevis Bicprendi","Description":"Information Technology IT","Adresa":"Bulevardi i ri","Email":"klevibicprendi@gmail.com","PhoneNumber":"0682555109","IsAvailable":true},{"Id":5,"Name":"Klevis Bicprendi","Description":"Information Technology","Adresa":"Tirane","Email":"klevibicprendi@gmail.com","PhoneNumber":"0682555109","IsAvailable":true}]
2024-12-09 22:54:03 
AllEmployer : [{"Id":3,"Name":"Maringlen Demushi","Description":"Electric Ing","Adresa":"Kamez","Email":"MaringlenDemushi@icloud.com","PhoneNumber":"+355682555109","IsAvailable":true},{"Id":4,"Name":"Klevis Bicprendi","Description":"Information Technology IT","Adresa":"Bulevardi i ri","Email":"klevibicprendi@gmail.com","PhoneNumber":"0682555109","IsAvailable":true},{"Id":5,"Name":"Klevis Bicprendi","Description":"Information Technology","Adresa":"Tirane","Email":"klevibicprendi@gmail.com","PhoneNumber":"0682555109","IsAvailable":true}]
2024-12-09 22:54:05 
AllEmployer : [{"Id":4,"Name":"Klevis Bicprendi","Description":"Information Technology IT","Adresa":"Bulevardi i ri","Email":"klevibicprendi@gmail.com","PhoneNumber":"0682555109","IsAvailable":true},{"Id":5,"Name":"Klevis Bicprendi","Description":"Information Technology","Adresa":"Tirane","Email":"klevibicprendi@gmail.com","PhoneNumber":"0682555109","IsAvailable":true}]
2024-12-09 22:54:30 
AllEmployer : [{"Id":4,"Name":"Klevis Bicprendi","Description":"Information Technology IT","Adresa":"Bulevardi i ri","Email":"klevibicprendi@gmail.com","PhoneNumber":"0682555109","IsAvailable":true},{"Id":5,"Name":"Klevis Bicprendi","Description":"Information Technology","Adresa":"Tirane","Email":"klevibicprendi@gmail.com","PhoneNumber":"0682555109","IsAvailable":true}]
2024-12-09 23:02:23 
AllEmployer : [{"Id":4,"Name":"Klevis Bicprendi","Description":"Information Technology IT","Adresa":"Bulevardi i ri","Email":"klevibicprendi@gmail.com","PhoneNumber":"0682555109","IsAvailable":true},{"Id":5,"Name":"Klevis Bicprendi","Description":"Information Technology","Adresa":"Tirane","Email":"klevibicprendi@gmail.com","PhoneNumber":"0682555109","IsAvailable":true}]
2024-12-09 23:03:03 
AllEmployer : [{"Id":4,"Name":"Klevis Bicprendi","Description":"Information Technology IT","Adresa":"Bulevardi i ri","Email":"klevibicprendi@gmail.com","PhoneNumber":"0682555109","IsAvailable":true},{"Id":5,"Name":"Klevis Bicprendi","Description":"Information Technology","Adresa":"Tirane","Email":"klevibicprendi@gmail.com","PhoneNumber":"0682555109","IsAvailable":true}]
2024-12-09 23:05:10 
AllEmployer : [{"Id":4,"Name":"Klevis Bicprendi","Description":"Information Technology IT","Adresa":"Bulevardi i ri","Email":"klevibicprendi@gmail.com","PhoneNumber":"0682555109","IsAvailable":false},{"Id":5,"Name":"Klevis Bicprendi","Description":"Information Technology","Adresa":"Tirane","Email":"klevibicprendi@gmail.com","PhoneNumber":"0682555109","IsAvailable":true}]
2024-12-09 23:06:12 
AllEmployer : [{"Id":4,"Name":"Klevis Bicprendi","Description":"Information Technology IT","Adresa":"Bulevardi i ri","Email":"klevibicprendi@gmail.com","PhoneNumber":"0682555109","IsAvailable":false},{"Id":5,"Name":"Klevis Bicprendi","Description":"Information Technology","Adresa":"Tirane","Email":"klevibicprendi@gmail.com","PhoneNumber":"0682555109","IsAvailable":true}]
2024-12-09 23:10:15 
AllEmployer : [{"Id":4,"Name":"Klevis Bicprendi","Description":"Information Technology IT","Adresa":"Bulevardi i ri","Email":"klevibicprendi@gmail.com","PhoneNumber":"0682555109","IsAvailable":false},{"Id":5,"Name":"Klevis Bicprendi","Description":"Information Technology","Adresa":"Tirane","Email":"klevibicprendi@gmail.com","PhoneNumber":"0682555109","IsAvailable":false}]
2024-12-09 23:10:40 
AllEmployer : [{"Id":4,"Name":"Klevis Bicprendi","Description":"Information Technology IT","Adresa":"Bulevardi i ri","Email":"klevibicprendi@gmail.com","PhoneNumber":"0682555109","IsAvailable":false},{"Id":5,"Name":"Klevis Bicprendi","Description":"Information Technology","Adresa":"Tirane","Email":"klevibicprendi@gmail.com","PhoneNumber":"0682555109","IsAvailable":false},{"Id":6,"Name":"Maringlen Demushi","Description":"Electric Ing","Adresa":"Kamez","Email":"MaringlenDemushi@icloud.com","PhoneNumber":"0682555109","IsAvailable":true}]
2024-12-09 23:11:19 
AllEmployer : [{"Id":4,"Name":"Klevis Bicprendi","Description":"Information Technology IT","Adresa":"Bulevardi i ri","Email":"klevibicprendi@gmail.com","PhoneNumber":"0682555109","IsAvailable":false},{"Id":5,"Name":"Klevis Bicprendi","Description":"Information Technology","Adresa":"Tirane","Email":"klevibicprendi@gmail.com","PhoneNumber":"0682555109","IsAvailable":false},{"Id":6,"Name":"Maringlen Demushi","Description":"Electric Ing","Adresa":"Kamez","Email":"MaringlenDemushi@icloud.com","PhoneNumber":"0682555109","IsAvailable":false}]
2024-12-09 23:35:01 
AllEmployer : []
2024-12-09 23:35:17 
AllEmployer : [{"Id":7,"Name":"Maringlen Demushi","Description":"Electric Ing","Adresa":"Kamez","Email":"MaringlenDemushi@icloud.com","PhoneNumber":"0682555109","IsAvailable":true}]
2024-12-09 23:35:40 
AllEmployer : [{"Id":7,"Name":"Maringlen Demushi","Description":"Electric Ing","Adresa":"Kamez","Email":"MaringlenDemushi@icloud.com","PhoneNumber":"0682555109","IsAvailable":false}]
2024-12-09 23:36:35 
AllEmployer : [{"Id":7,"Name":"Maringlen Demushi","Description":"Electric Ing","Adresa":"Kamez","Email":"MaringlenDemushi@icloud.com","PhoneNumber":"0682555109","IsAvailable":false}]
2024-12-09 23:36:50 
AllEmployer : [{"Id":7,"Name":"Maringlen Demushi","Description":"Electric Ing","Adresa":"Kamez","Email":"MaringlenDemushi@icloud.com","PhoneNumber":"0682555109","IsAvailable":false},{"Id":8,"Name":"Klevis Bicprendi","Description":"Information Technology IT","Adresa":"Tirane","Email":"klevibicprendi@gmail.com","PhoneNumber":"0682555109","IsAvailable":true}]
